<?xml version="1.0" encoding="UTF-8"?>
<!-- Generated by org.testng.reporters.JUnitReportReporter -->
<testsuite hostname="OMAR-ABU-SNINEH" failures="0" tests="8" name="AlmosaferHome.HomeTest" time="1.327" errors="0" timestamp="2024-08-20T16:07:36 EET" skipped="0">
  <testcase classname="AlmosaferHome.HomeTest" name="checkDefaultLanguage" time="0.035"/>
  <system-out/>
  <testcase classname="AlmosaferHome.HomeTest" name="checkDefaultCurrency" time="0.030"/>
  <system-out/>
  <testcase classname="AlmosaferHome.HomeTest" name="contactPhone" time="0.027"/>
  <system-out/>
  <testcase classname="AlmosaferHome.HomeTest" name="qitafLogoDisplayed" time="0.060"/>
  <system-out/>
  <testcase classname="AlmosaferHome.HomeTest" name="hotelsNotSelected" time="0.024"/>
  <system-out/>
  <testcase classname="AlmosaferHome.HomeTest" name="flightDatesCheck" time="0.058"/>
  <system-out/>
  <testcase classname="AlmosaferHome.HomeTest" name="switchLanguageRandomly" time="0.652"/>
  <system-out/>
  <testcase classname="AlmosaferHome.HomeTest" name="switchToHotelTabAndSearch" time="0.441"/>
  <system-out/>
</testsuite> <!-- AlmosaferHome.HomeTest -->
