<?xml version="1.0" encoding="UTF-8"?>
<!-- Generated by org.testng.reporters.JUnitReportReporter -->
<testsuite hostname="OMAR-ABU-SNINEH" failures="0" tests="7" name="AlmosaferHome.HomeTest" time="0.927" errors="0" timestamp="2024-08-19T18:46:29 EET" skipped="0">
  <testcase classname="AlmosaferHome.HomeTest" name="checkDefaultLanguage" time="0.036"/>
  <system-out/>
  <testcase classname="AlmosaferHome.HomeTest" name="checkDefaultCurrency" time="0.036"/>
  <system-out/>
  <testcase classname="AlmosaferHome.HomeTest" name="contactPhone" time="0.026"/>
  <system-out/>
  <testcase classname="AlmosaferHome.HomeTest" name="qitafLogoDisplayed" time="0.053"/>
  <system-out/>
  <testcase classname="AlmosaferHome.HomeTest" name="hotelsNotSelected" time="0.023"/>
  <system-out/>
  <testcase classname="AlmosaferHome.HomeTest" name="flightDatesCheck" time="0.061"/>
  <system-out/>
  <testcase classname="AlmosaferHome.HomeTest" name="switchLanguageRandomly" time="0.692"/>
  <system-out/>
</testsuite> <!-- AlmosaferHome.HomeTest -->
