<?xml version="1.0" encoding="UTF-8"?>
<!-- Generated by org.testng.reporters.JUnitReportReporter -->
<testsuite hostname="OMAR-ABU-SNINEH" failures="0" tests="11" name="AlmosaferHome.HomeTest" time="23.385" errors="0" timestamp="2024-08-23T18:58:43 EET" skipped="0">
  <testcase classname="AlmosaferHome.HomeTest" name="checkDefaultLanguage" time="0.037"/>
  <system-out/>
  <testcase classname="AlmosaferHome.HomeTest" name="checkDefaultCurrency" time="0.026"/>
  <system-out/>
  <testcase classname="AlmosaferHome.HomeTest" name="contactPhone" time="0.026"/>
  <system-out/>
  <testcase classname="AlmosaferHome.HomeTest" name="qitafLogoDisplayed" time="0.055"/>
  <system-out/>
  <testcase classname="AlmosaferHome.HomeTest" name="hotelsNotSelected" time="0.023"/>
  <system-out/>
  <testcase classname="AlmosaferHome.HomeTest" name="flightDatesCheck" time="0.062"/>
  <system-out/>
  <testcase classname="AlmosaferHome.HomeTest" name="switchLanguageRandomly" time="0.680"/>
  <system-out/>
  <testcase classname="AlmosaferHome.HomeTest" name="switchToHotelTabAndSearch" time="0.510"/>
  <system-out/>
  <testcase classname="AlmosaferHome.HomeTest" name="reservationSelectedRandomly" time="4.877"/>
  <system-out/>
  <testcase classname="AlmosaferHome.HomeTest" name="loadingFullyResult" time="15.024"/>
  <system-out/>
  <testcase classname="AlmosaferHome.HomeTest" name="lowestPriceSorting" time="2.065"/>
  <system-out/>
</testsuite> <!-- AlmosaferHome.HomeTest -->
