<?xml version="1.0" encoding="UTF-8"?>
<!-- Generated by org.testng.reporters.JUnitReportReporter -->
<testsuite hostname="OMAR-ABU-SNINEH" failures="0" tests="3" name="AlmosaferHome.HomeTest" time="0.083" errors="0" timestamp="2024-08-18T17:26:34 EET" skipped="0">
  <testcase classname="AlmosaferHome.HomeTest" name="checkDefaultLanguage" time="0.032"/>
  <system-out/>
  <testcase classname="AlmosaferHome.HomeTest" name="checkDefaultCurrency" time="0.026"/>
  <system-out/>
  <testcase classname="AlmosaferHome.HomeTest" name="contactPhone" time="0.025"/>
  <system-out/>
</testsuite> <!-- AlmosaferHome.HomeTest -->
