<?xml version="1.0" encoding="UTF-8"?>
<!-- Generated by org.testng.reporters.JUnitReportReporter -->
<testsuite hostname="OMAR-ABU-SNINEH" failures="0" tests="10" name="AlmosaferHome.HomeTest" time="18.403" errors="0" timestamp="2024-08-21T17:24:24 EET" skipped="0">
  <testcase classname="AlmosaferHome.HomeTest" name="checkDefaultLanguage" time="0.063"/>
  <system-out/>
  <testcase classname="AlmosaferHome.HomeTest" name="checkDefaultCurrency" time="0.036"/>
  <system-out/>
  <testcase classname="AlmosaferHome.HomeTest" name="contactPhone" time="0.024"/>
  <system-out/>
  <testcase classname="AlmosaferHome.HomeTest" name="qitafLogoDisplayed" time="0.100"/>
  <system-out/>
  <testcase classname="AlmosaferHome.HomeTest" name="hotelsNotSelected" time="0.062"/>
  <system-out/>
  <testcase classname="AlmosaferHome.HomeTest" name="flightDatesCheck" time="0.275"/>
  <system-out/>
  <testcase classname="AlmosaferHome.HomeTest" name="switchLanguageRandomly" time="0.855"/>
  <system-out/>
  <testcase classname="AlmosaferHome.HomeTest" name="switchToHotelTabAndSearch" time="0.857"/>
  <system-out/>
  <testcase classname="AlmosaferHome.HomeTest" name="reservationSelectedRandomly" time="6.088"/>
  <system-out/>
  <testcase classname="AlmosaferHome.HomeTest" name="loadingFullyResult" time="10.043"/>
  <system-out/>
</testsuite> <!-- AlmosaferHome.HomeTest -->
