<?xml version="1.0" encoding="UTF-8"?>
<!-- Generated by org.testng.reporters.JUnitReportReporter -->
<testsuite hostname="OMAR-ABU-SNINEH" failures="0" tests="10" name="AlmosaferHome.HomeTest" time="6.703" errors="0" timestamp="2024-08-20T20:11:38 EET" skipped="0">
  <testcase classname="AlmosaferHome.HomeTest" name="checkDefaultLanguage" time="0.076"/>
  <system-out/>
  <testcase classname="AlmosaferHome.HomeTest" name="checkDefaultCurrency" time="0.045"/>
  <system-out/>
  <testcase classname="AlmosaferHome.HomeTest" name="contactPhone" time="0.025"/>
  <system-out/>
  <testcase classname="AlmosaferHome.HomeTest" name="qitafLogoDisplayed" time="0.061"/>
  <system-out/>
  <testcase classname="AlmosaferHome.HomeTest" name="hotelsNotSelected" time="0.027"/>
  <system-out/>
  <testcase classname="AlmosaferHome.HomeTest" name="flightDatesCheck" time="0.059"/>
  <system-out/>
  <testcase classname="AlmosaferHome.HomeTest" name="switchLanguageRandomly" time="0.984"/>
  <system-out/>
  <testcase classname="AlmosaferHome.HomeTest" name="switchToHotelTabAndSearch" time="0.537"/>
  <system-out/>
  <testcase classname="AlmosaferHome.HomeTest" name="reservationSelectedRandomly" time="4.888"/>
  <system-out/>
  <testcase classname="AlmosaferHome.HomeTest" name="loadingFullyResult" time="0.001"/>
  <system-out/>
</testsuite> <!-- AlmosaferHome.HomeTest -->
