<?xml version="1.0" encoding="UTF-8"?>
<!-- Generated by org.testng.reporters.JUnitReportReporter -->
<testsuite hostname="OMAR-ABU-SNINEH" failures="0" tests="11" name="AlmosaferHome.HomeTest" time="22.525" errors="0" timestamp="2024-08-23T18:48:03 EET" skipped="0">
  <testcase classname="AlmosaferHome.HomeTest" name="checkDefaultLanguage" time="0.041"/>
  <system-out/>
  <testcase classname="AlmosaferHome.HomeTest" name="checkDefaultCurrency" time="0.026"/>
  <system-out/>
  <testcase classname="AlmosaferHome.HomeTest" name="contactPhone" time="0.022"/>
  <system-out/>
  <testcase classname="AlmosaferHome.HomeTest" name="qitafLogoDisplayed" time="0.051"/>
  <system-out/>
  <testcase classname="AlmosaferHome.HomeTest" name="hotelsNotSelected" time="0.025"/>
  <system-out/>
  <testcase classname="AlmosaferHome.HomeTest" name="flightDatesCheck" time="0.071"/>
  <system-out/>
  <testcase classname="AlmosaferHome.HomeTest" name="switchLanguageRandomly" time="0.690"/>
  <system-out/>
  <testcase classname="AlmosaferHome.HomeTest" name="switchToHotelTabAndSearch" time="0.413"/>
  <system-out/>
  <testcase classname="AlmosaferHome.HomeTest" name="reservationSelectedRandomly" time="4.060"/>
  <system-out/>
  <testcase classname="AlmosaferHome.HomeTest" name="loadingFullyResult" time="15.039"/>
  <system-out/>
  <testcase classname="AlmosaferHome.HomeTest" name="lowestPriceSorting" time="2.087"/>
  <system-out/>
</testsuite> <!-- AlmosaferHome.HomeTest -->
